t=2026-03-30T18:31:04+0000 lvl=info msg="Starting Grafana" logger=server version=7.5.17 commit=unknown-dev branch=master compiled=2023-12-19T21:18:50+0000
t=2026-03-30T18:31:04+0000 lvl=info msg="Config loaded from" logger=settings file=/usr/share/grafana/conf/defaults.ini
t=2026-03-30T18:31:04+0000 lvl=info msg="Config loaded from" logger=settings file=/sg_config_grafana/grafana-single-container.ini
t=2026-03-30T18:31:04+0000 lvl=info msg="Path Home" logger=settings path=/usr/share/grafana
t=2026-03-30T18:31:04+0000 lvl=info msg="Path Data" logger=settings path=/var/opt/sourcegraph/grafana
t=2026-03-30T18:31:04+0000 lvl=info msg="Path Logs" logger=settings path=/var/opt/sourcegraph/grafana/logs
t=2026-03-30T18:31:04+0000 lvl=info msg="Path Plugins" logger=settings path=/var/opt/sourcegraph/grafana/plugins
t=2026-03-30T18:31:04+0000 lvl=info msg="Path Provisioning" logger=settings path=/sg_config_grafana/provisioning
t=2026-03-30T18:31:04+0000 lvl=info msg="App mode production" logger=settings
t=2026-03-30T18:31:04+0000 lvl=info msg="Connecting to DB" logger=sqlstore dbtype=sqlite3
t=2026-03-30T18:31:04+0000 lvl=info msg="Creating SQLite database file" logger=sqlstore path=/var/opt/sourcegraph/grafana/grafana.db
t=2026-03-30T18:31:04+0000 lvl=info msg="Starting DB migrations" logger=migrator
t=2026-03-30T18:31:04+0000 lvl=info msg="Executing migration" logger=migrator id="create migration_log table"
t=2026-03-30T18:31:04+0000 lvl=info msg="Executing migration" logger=migrator id="create user table"
t=2026-03-30T18:31:04+0000 lvl=info msg="Executing migration" logger=migrator id="add unique index user.login"
t=2026-03-30T18:31:04+0000 lvl=info msg="Executing migration" logger=migrator id="add unique index user.email"
t=2026-03-30T18:31:04+0000 lvl=info msg="Executing migration" logger=migrator id="drop index UQE_user_login - v1"
t=2026-03-30T18:31:04+0000 lvl=info msg="Executing migration" logger=migrator id="drop index UQE_user_email - v1"
t=2026-03-30T18:31:04+0000 lvl=info msg="Executing migration" logger=migrator id="Rename table user to user_v1 - v1"
t=2026-03-30T18:31:04+0000 lvl=info msg="Executing migration" logger=migrator id="create user table v2"
t=2026-03-30T18:31:04+0000 lvl=info msg="Executing migration" logger=migrator id="create index UQE_user_login - v2"
t=2026-03-30T18:31:04+0000 lvl=info msg="Executing migration" logger=migrator id="create index UQE_user_email - v2"
t=2026-03-30T18:31:04+0000 lvl=info msg="Executing migration" logger=migrator id="copy data_source v1 to v2"
t=2026-03-30T18:31:04+0000 lvl=info msg="Executing migration" logger=migrator id="Drop old table user_v1"
t=2026-03-30T18:31:05+0000 lvl=info msg="Executing migration" logger=migrator id="Add column help_flags1 to user table"
t=2026-03-30T18:31:05+0000 lvl=info msg="Executing migration" logger=migrator id="Update user table charset"
t=2026-03-30T18:31:05+0000 lvl=info msg="Executing migration" logger=migrator id="Add last_seen_at column to user"
t=2026-03-30T18:31:05+0000 lvl=info msg="Executing migration" logger=migrator id="Add missing user data"
t=2026-03-30T18:31:05+0000 lvl=info msg="Executing migration" logger=migrator id="Add is_disabled column to user"
t=2026-03-30T18:31:05+0000 lvl=info msg="Executing migration" logger=migrator id="Add index user.login/user.email"
t=2026-03-30T18:31:05+0000 lvl=info msg="Executing migration" logger=migrator id="create temp user table v1-7"
t=2026-03-30T18:31:05+0000 lvl=info msg="Executing migration" logger=migrator id="create index IDX_temp_user_email - v1-7"
t=2026-03-30T18:31:05+0000 lvl=info msg="Executing migration" logger=migrator id="create index IDX_temp_user_org_id - v1-7"
t=2026-03-30T18:31:05+0000 lvl=info msg="Executing migration" logger=migrator id="create index IDX_temp_user_code - v1-7"
t=2026-03-30T18:31:05+0000 lvl=info msg="Executing migration" logger=migrator id="create index IDX_temp_user_status - v1-7"
t=2026-03-30T18:31:05+0000 lvl=info msg="Executing migration" logger=migrator id="Update temp_user table charset"
t=2026-03-30T18:31:05+0000 lvl=info msg="Executing migration" logger=migrator id="drop index IDX_temp_user_email - v1"
t=2026-03-30T18:31:05+0000 lvl=info msg="Executing migration" logger=migrator id="drop index IDX_temp_user_org_id - v1"
t=2026-03-30T18:31:05+0000 lvl=info msg="Executing migration" logger=migrator id="drop index IDX_temp_user_code - v1"
t=2026-03-30T18:31:05+0000 lvl=info msg="Executing migration" logger=migrator id="drop index IDX_temp_user_status - v1"
t=2026-03-30T18:31:05+0000 lvl=info msg="Executing migration" logger=migrator id="Rename table temp_user to temp_user_tmp_qwerty - v1"
t=2026-03-30T18:31:05+0000 lvl=info msg="Executing migration" logger=migrator id="create temp_user v2"
t=2026-03-30T18:31:05+0000 lvl=info msg="Executing migration" logger=migrator id="create index IDX_temp_user_email - v2"
t=2026-03-30T18:31:05+0000 lvl=info msg="Executing migration" logger=migrator id="create index IDX_temp_user_org_id - v2"
t=2026-03-30T18:31:05+0000 lvl=info msg="Executing migration" logger=migrator id="create index IDX_temp_user_code - v2"
t=2026-03-30T18:31:05+0000 lvl=info msg="Executing migration" logger=migrator id="create index IDX_temp_user_status - v2"
t=2026-03-30T18:31:05+0000 lvl=info msg="Executing migration" logger=migrator id="copy temp_user v1 to v2"
t=2026-03-30T18:31:05+0000 lvl=info msg="Executing migration" logger=migrator id="drop temp_user_tmp_qwerty"
t=2026-03-30T18:31:05+0000 lvl=info msg="Executing migration" logger=migrator id="Set created for temp users that will otherwise prematurely expire"
t=2026-03-30T18:31:05+0000 lvl=info msg="Executing migration" logger=migrator id="create star table"
t=2026-03-30T18:31:05+0000 lvl=info msg="Executing migration" logger=migrator id="add unique index star.user_id_dashboard_id"
t=2026-03-30T18:31:05+0000 lvl=info msg="Executing migration" logger=migrator id="create org table v1"
t=2026-03-30T18:31:05+0000 lvl=info msg="Executing migration" logger=migrator id="create index UQE_org_name - v1"
t=2026-03-30T18:31:05+0000 lvl=info msg="Executing migration" logger=migrator id="create org_user table v1"
t=2026-03-30T18:31:05+0000 lvl=info msg="Executing migration" logger=migrator id="create index IDX_org_user_org_id - v1"
t=2026-03-30T18:31:05+0000 lvl=info msg="Executing migration" logger=migrator id="create index UQE_org_user_org_id_user_id - v1"
t=2026-03-30T18:31:06+0000 lvl=info msg="Executing migration" logger=migrator id="Update org table charset"
t=2026-03-30T18:31:06+0000 lvl=info msg="Executing migration" logger=migrator id="Update org_user table charset"
t=2026-03-30T18:31:06+0000 lvl=info msg="Executing migration" logger=migrator id="Migrate all Read Only Viewers to Viewers"
t=2026-03-30T18:31:06+0000 lvl=info msg="Executing migration" logger=migrator id="create dashboard table"
t=2026-03-30T18:31:06+0000 lvl=info msg="Executing migration" logger=migrator id="add index dashboard.account_id"
t=2026-03-30T18:31:06+0000 lvl=info msg="Executing migration" logger=migrator id="add unique index dashboard_account_id_slug"
t=2026-03-30T18:31:06+0000 lvl=info msg="Executing migration" logger=migrator id="create dashboard_tag table"
t=2026-03-30T18:31:06+0000 lvl=info msg="Executing migration" logger=migrator id="add unique index dashboard_tag.dasboard_id_term"
t=2026-03-30T18:31:06+0000 lvl=info msg="Executing migration" logger=migrator id="drop index UQE_dashboard_tag_dashboard_id_term - v1"
t=2026-03-30T18:31:06+0000 lvl=info msg="Executing migration" logger=migrator id="Rename table dashboard to dashboard_v1 - v1"
t=2026-03-30T18:31:06+0000 lvl=info msg="Executing migration" logger=migrator id="create dashboard v2"
t=2026-03-30T18:31:06+0000 lvl=info msg="Executing migration" logger=migrator id="create index IDX_dashboard_org_id - v2"
t=2026-03-30T18:31:06+0000 lvl=info msg="Executing migration" logger=migrator id="create index UQE_dashboard_org_id_slug - v2"
t=2026-03-30T18:31:06+0000 lvl=info msg="Executing migration" logger=migrator id="copy dashboard v1 to v2"
t=2026-03-30T18:31:06+0000 lvl=info msg="Executing migration" logger=migrator id="drop table dashboard_v1"
t=2026-03-30T18:31:06+0000 lvl=info msg="Executing migration" logger=migrator id="alter dashboard.data to mediumtext v1"
t=2026-03-30T18:31:06+0000 lvl=info msg="Executing migration" logger=migrator id="Add column updated_by in dashboard - v2"
t=2026-03-30T18:31:06+0000 lvl=info msg="Executing migration" logger=migrator id="Add column created_by in dashboard - v2"
t=2026-03-30T18:31:06+0000 lvl=info msg="Executing migration" logger=migrator id="Add column gnetId in dashboard"
t=2026-03-30T18:31:06+0000 lvl=info msg="Executing migration" logger=migrator id="Add index for gnetId in dashboard"
t=2026-03-30T18:31:06+0000 lvl=info msg="Executing migration" logger=migrator id="Add column plugin_id in dashboard"
t=2026-03-30T18:31:06+0000 lvl=info msg="Executing migration" logger=migrator id="Add index for plugin_id in dashboard"
t=2026-03-30T18:31:07+0000 lvl=info msg="Executing migration" logger=migrator id="Add index for dashboard_id in dashboard_tag"
t=2026-03-30T18:31:07+0000 lvl=info msg="Executing migration" logger=migrator id="Update dashboard table charset"
t=2026-03-30T18:31:07+0000 lvl=info msg="Executing migration" logger=migrator id="Update dashboard_tag table charset"
t=2026-03-30T18:31:07+0000 lvl=info msg="Executing migration" logger=migrator id="Add column folder_id in dashboard"
t=2026-03-30T18:31:07+0000 lvl=info msg="Executing migration" logger=migrator id="Add column isFolder in dashboard"
t=2026-03-30T18:31:07+0000 lvl=info msg="Executing migration" logger=migrator id="Add column has_acl in dashboard"
t=2026-03-30T18:31:07+0000 lvl=info msg="Executing migration" logger=migrator id="Add column uid in dashboard"
t=2026-03-30T18:31:07+0000 lvl=info msg="Executing migration" logger=migrator id="Update uid column values in dashboard"
t=2026-03-30T18:31:07+0000 lvl=info msg="Executing migration" logger=migrator id="Add unique index dashboard_org_id_uid"
t=2026-03-30T18:31:07+0000 lvl=info msg="Executing migration" logger=migrator id="Remove unique index org_id_slug"
t=2026-03-30T18:31:07+0000 lvl=info msg="Executing migration" logger=migrator id="Update dashboard title length"
t=2026-03-30T18:31:07+0000 lvl=info msg="Executing migration" logger=migrator id="Add unique index for dashboard_org_id_title_folder_id"
t=2026-03-30T18:31:07+0000 lvl=info msg="Executing migration" logger=migrator id="create dashboard_provisioning"
t=2026-03-30T18:31:07+0000 lvl=info msg="Executing migration" logger=migrator id="Rename table dashboard_provisioning to dashboard_provisioning_tmp_qwerty - v1"
t=2026-03-30T18:31:07+0000 lvl=info msg="Executing migration" logger=migrator id="create dashboard_provisioning v2"
t=2026-03-30T18:31:07+0000 lvl=info msg="Executing migration" logger=migrator id="create index IDX_dashboard_provisioning_dashboard_id - v2"
t=2026-03-30T18:31:07+0000 lvl=info msg="Executing migration" logger=migrator id="create index IDX_dashboard_provisioning_dashboard_id_name - v2"
t=2026-03-30T18:31:07+0000 lvl=info msg="Executing migration" logger=migrator id="copy dashboard_provisioning v1 to v2"
t=2026-03-30T18:31:07+0000 lvl=info msg="Executing migration" logger=migrator id="drop dashboard_provisioning_tmp_qwerty"
t=2026-03-30T18:31:07+0000 lvl=info msg="Executing migration" logger=migrator id="Add check_sum column"
t=2026-03-30T18:31:07+0000 lvl=info msg="Executing migration" logger=migrator id="Add index for dashboard_title"
t=2026-03-30T18:31:07+0000 lvl=info msg="Executing migration" logger=migrator id="delete tags for deleted dashboards"
t=2026-03-30T18:31:07+0000 lvl=info msg="Executing migration" logger=migrator id="delete stars for deleted dashboards"
t=2026-03-30T18:31:07+0000 lvl=info msg="Executing migration" logger=migrator id="create data_source table"
t=2026-03-30T18:31:07+0000 lvl=info msg="Executing migration" logger=migrator id="add index data_source.account_id"
t=2026-03-30T18:31:07+0000 lvl=info msg="Executing migration" logger=migrator id="add unique index data_source.account_id_name"
t=2026-03-30T18:31:07+0000 lvl=info msg="Executing migration" logger=migrator id="drop index IDX_data_source_account_id - v1"
t=2026-03-30T18:31:07+0000 lvl=info msg="Executing migration" logger=migrator id="drop index UQE_data_source_account_id_name - v1"
t=2026-03-30T18:31:07+0000 lvl=info msg="Executing migration" logger=migrator id="Rename table data_source to data_source_v1 - v1"
t=2026-03-30T18:31:07+0000 lvl=info msg="Executing migration" logger=migrator id="create data_source table v2"
t=2026-03-30T18:31:07+0000 lvl=info msg="Executing migration" logger=migrator id="create index IDX_data_source_org_id - v2"
t=2026-03-30T18:31:07+0000 lvl=info msg="Executing migration" logger=migrator id="create index UQE_data_source_org_id_name - v2"
t=2026-03-30T18:31:07+0000 lvl=info msg="Executing migration" logger=migrator id="copy data_source v1 to v2"
t=2026-03-30T18:31:07+0000 lvl=info msg="Executing migration" logger=migrator id="Drop old table data_source_v1 #2"
t=2026-03-30T18:31:07+0000 lvl=info msg="Executing migration" logger=migrator id="Add column with_credentials"
t=2026-03-30T18:31:07+0000 lvl=info msg="Executing migration" logger=migrator id="Add secure json data column"
t=2026-03-30T18:31:07+0000 lvl=info msg="Executing migration" logger=migrator id="Update data_source table charset"
t=2026-03-30T18:31:07+0000 lvl=info msg="Executing migration" logger=migrator id="Update initial version to 1"
t=2026-03-30T18:31:07+0000 lvl=info msg="Executing migration" logger=migrator id="Add read_only data column"
t=2026-03-30T18:31:07+0000 lvl=info msg="Executing migration" logger=migrator id="Migrate logging ds to loki ds"
t=2026-03-30T18:31:07+0000 lvl=info msg="Executing migration" logger=migrator id="Update json_data with nulls"
t=2026-03-30T18:31:08+0000 lvl=info msg="Executing migration" logger=migrator id="Add uid column"
t=2026-03-30T18:31:08+0000 lvl=info msg="Executing migration" logger=migrator id="Update uid value"
t=2026-03-30T18:31:08+0000 lvl=info msg="Executing migration" logger=migrator id="Add unique index datasource_org_id_uid"
t=2026-03-30T18:31:08+0000 lvl=info msg="Executing migration" logger=migrator id="add unique index datasource_org_id_is_default"
t=2026-03-30T18:31:08+0000 lvl=info msg="Executing migration" logger=migrator id="create api_key table"
t=2026-03-30T18:31:08+0000 lvl=info msg="Executing migration" logger=migrator id="add index api_key.account_id"
t=2026-03-30T18:31:08+0000 lvl=info msg="Executing migration" logger=migrator id="add index api_key.key"
t=2026-03-30T18:31:08+0000 lvl=info msg="Executing migration" logger=migrator id="add index api_key.account_id_name"
t=2026-03-30T18:31:08+0000 lvl=info msg="Executing migration" logger=migrator id="drop index IDX_api_key_account_id - v1"
t=2026-03-30T18:31:08+0000 lvl=info msg="Executing migration" logger=migrator id="drop index UQE_api_key_key - v1"
t=2026-03-30T18:31:08+0000 lvl=info msg="Executing migration" logger=migrator id="drop index UQE_api_key_account_id_name - v1"
t=2026-03-30T18:31:08+0000 lvl=info msg="Executing migration" logger=migrator id="Rename table api_key to api_key_v1 - v1"
t=2026-03-30T18:31:08+0000 lvl=info msg="Executing migration" logger=migrator id="create api_key table v2"
t=2026-03-30T18:31:08+0000 lvl=info msg="Executing migration" logger=migrator id="create index IDX_api_key_org_id - v2"
t=2026-03-30T18:31:08+0000 lvl=info msg="Executing migration" logger=migrator id="create index UQE_api_key_key - v2"
t=2026-03-30T18:31:08+0000 lvl=info msg="Executing migration" logger=migrator id="create index UQE_api_key_org_id_name - v2"
t=2026-03-30T18:31:08+0000 lvl=info msg="Executing migration" logger=migrator id="copy api_key v1 to v2"
t=2026-03-30T18:31:08+0000 lvl=info msg="Executing migration" logger=migrator id="Drop old table api_key_v1"
t=2026-03-30T18:31:08+0000 lvl=info msg="Executing migration" logger=migrator id="Update api_key table charset"
t=2026-03-30T18:31:08+0000 lvl=info msg="Executing migration" logger=migrator id="Add expires to api_key table"
t=2026-03-30T18:31:08+0000 lvl=info msg="Executing migration" logger=migrator id="create dashboard_snapshot table v4"
t=2026-03-30T18:31:08+0000 lvl=info msg="Executing migration" logger=migrator id="drop table dashboard_snapshot_v4 #1"
t=2026-03-30T18:31:08+0000 lvl=info msg="Executing migration" logger=migrator id="create dashboard_snapshot table v5 #2"
t=2026-03-30T18:31:08+0000 lvl=info msg="Executing migration" logger=migrator id="create index UQE_dashboard_snapshot_key - v5"
t=2026-03-30T18:31:08+0000 lvl=info msg="Executing migration" logger=migrator id="create index UQE_dashboard_snapshot_delete_key - v5"
t=2026-03-30T18:31:08+0000 lvl=info msg="Executing migration" logger=migrator id="create index IDX_dashboard_snapshot_user_id - v5"
t=2026-03-30T18:31:08+0000 lvl=info msg="Executing migration" logger=migrator id="alter dashboard_snapshot to mediumtext v2"
t=2026-03-30T18:31:08+0000 lvl=info msg="Executing migration" logger=migrator id="Update dashboard_snapshot table charset"
t=2026-03-30T18:31:08+0000 lvl=info msg="Executing migration" logger=migrator id="Add column external_delete_url to dashboard_snapshots table"
t=2026-03-30T18:31:08+0000 lvl=info msg="Executing migration" logger=migrator id="Add encrypted dashboard json column"
t=2026-03-30T18:31:08+0000 lvl=info msg="Executing migration" logger=migrator id="Change dashboard_encrypted column to MEDIUMBLOB"
t=2026-03-30T18:31:08+0000 lvl=info msg="Executing migration" logger=migrator id="create quota table v1"
t=2026-03-30T18:31:08+0000 lvl=info msg="Executing migration" logger=migrator id="create index UQE_quota_org_id_user_id_target - v1"
t=2026-03-30T18:31:08+0000 lvl=info msg="Executing migration" logger=migrator id="Update quota table charset"
t=2026-03-30T18:31:08+0000 lvl=info msg="Executing migration" logger=migrator id="create plugin_setting table"
t=2026-03-30T18:31:08+0000 lvl=info msg="Executing migration" logger=migrator id="create index UQE_plugin_setting_org_id_plugin_id - v1"
t=2026-03-30T18:31:08+0000 lvl=info msg="Executing migration" logger=migrator id="Add column plugin_version to plugin_settings"
t=2026-03-30T18:31:08+0000 lvl=info msg="Executing migration" logger=migrator id="Update plugin_setting table charset"
t=2026-03-30T18:31:08+0000 lvl=info msg="Executing migration" logger=migrator id="create session table"
t=2026-03-30T18:31:08+0000 lvl=info msg="Executing migration" logger=migrator id="Drop old table playlist table"
t=2026-03-30T18:31:08+0000 lvl=info msg="Executing migration" logger=migrator id="Drop old table playlist_item table"
t=2026-03-30T18:31:08+0000 lvl=info msg="Executing migration" logger=migrator id="create playlist table v2"
t=2026-03-30T18:31:08+0000 lvl=info msg="Executing migration" logger=migrator id="create playlist item table v2"
t=2026-03-30T18:31:08+0000 lvl=info msg="Executing migration" logger=migrator id="Update playlist table charset"
t=2026-03-30T18:31:08+0000 lvl=info msg="Executing migration" logger=migrator id="Update playlist_item table charset"
t=2026-03-30T18:31:08+0000 lvl=info msg="Executing migration" logger=migrator id="drop preferences table v2"
t=2026-03-30T18:31:09+0000 lvl=info msg="Executing migration" logger=migrator id="drop preferences table v3"
t=2026-03-30T18:31:09+0000 lvl=info msg="Executing migration" logger=migrator id="create preferences table v3"
t=2026-03-30T18:31:09+0000 lvl=info msg="Executing migration" logger=migrator id="Update preferences table charset"
t=2026-03-30T18:31:09+0000 lvl=info msg="Executing migration" logger=migrator id="Add column team_id in preferences"
t=2026-03-30T18:31:09+0000 lvl=info msg="Executing migration" logger=migrator id="Update team_id column values in preferences"
t=2026-03-30T18:31:09+0000 lvl=info msg="Executing migration" logger=migrator id="create alert table v1"
t=2026-03-30T18:31:09+0000 lvl=info msg="Executing migration" logger=migrator id="add index alert org_id & id "
t=2026-03-30T18:31:09+0000 lvl=info msg="Executing migration" logger=migrator id="add index alert state"
t=2026-03-30T18:31:09+0000 lvl=info msg="Executing migration" logger=migrator id="add index alert dashboard_id"
t=2026-03-30T18:31:09+0000 lvl=info msg="Executing migration" logger=migrator id="Create alert_rule_tag table v1"
t=2026-03-30T18:31:09+0000 lvl=info msg="Executing migration" logger=migrator id="Add unique index alert_rule_tag.alert_id_tag_id"
t=2026-03-30T18:31:09+0000 lvl=info msg="Executing migration" logger=migrator id="drop index UQE_alert_rule_tag_alert_id_tag_id - v1"
t=2026-03-30T18:31:09+0000 lvl=info msg="Executing migration" logger=migrator id="Rename table alert_rule_tag to alert_rule_tag_v1 - v1"
t=2026-03-30T18:31:09+0000 lvl=info msg="Executing migration" logger=migrator id="Create alert_rule_tag table v2"
t=2026-03-30T18:31:09+0000 lvl=info msg="Executing migration" logger=migrator id="create index UQE_alert_rule_tag_alert_id_tag_id - Add unique index alert_rule_tag.alert_id_tag_id V2"
t=2026-03-30T18:31:09+0000 lvl=info msg="Executing migration" logger=migrator id="copy alert_rule_tag v1 to v2"
t=2026-03-30T18:31:09+0000 lvl=info msg="Executing migration" logger=migrator id="drop table alert_rule_tag_v1"
t=2026-03-30T18:31:09+0000 lvl=info msg="Executing migration" logger=migrator id="create alert_notification table v1"
t=2026-03-30T18:31:09+0000 lvl=info msg="Executing migration" logger=migrator id="Add column is_default"
t=2026-03-30T18:31:09+0000 lvl=info msg="Executing migration" logger=migrator id="Add column frequency"
t=2026-03-30T18:31:09+0000 lvl=info msg="Executing migration" logger=migrator id="Add column send_reminder"
t=2026-03-30T18:31:09+0000 lvl=info msg="Executing migration" logger=migrator id="Add column disable_resolve_message"
t=2026-03-30T18:31:09+0000 lvl=info msg="Executing migration" logger=migrator id="add index alert_notification org_id & name"
t=2026-03-30T18:31:09+0000 lvl=info msg="Executing migration" logger=migrator id="Update alert table charset"
t=2026-03-30T18:31:09+0000 lvl=info msg="Executing migration" logger=migrator id="Update alert_notification table charset"
t=2026-03-30T18:31:09+0000 lvl=info msg="Executing migration" logger=migrator id="create notification_journal table v1"
t=2026-03-30T18:31:09+0000 lvl=info msg="Executing migration" logger=migrator id="add index notification_journal org_id & alert_id & notifier_id"
t=2026-03-30T18:31:09+0000 lvl=info msg="Executing migration" logger=migrator id="drop alert_notification_journal"
t=2026-03-30T18:31:09+0000 lvl=info msg="Executing migration" logger=migrator id="create alert_notification_state table v1"
t=2026-03-30T18:31:09+0000 lvl=info msg="Executing migration" logger=migrator id="add index alert_notification_state org_id & alert_id & notifier_id"
t=2026-03-30T18:31:09+0000 lvl=info msg="Executing migration" logger=migrator id="Add for to alert table"
t=2026-03-30T18:31:09+0000 lvl=info msg="Executing migration" logger=migrator id="Add column uid in alert_notification"
t=2026-03-30T18:31:09+0000 lvl=info msg="Executing migration" logger=migrator id="Update uid column values in alert_notification"
t=2026-03-30T18:31:09+0000 lvl=info msg="Executing migration" logger=migrator id="Add unique index alert_notification_org_id_uid"
t=2026-03-30T18:31:09+0000 lvl=info msg="Executing migration" logger=migrator id="Remove unique index org_id_name"
t=2026-03-30T18:31:09+0000 lvl=info msg="Executing migration" logger=migrator id="Add column secure_settings in alert_notification"
t=2026-03-30T18:31:09+0000 lvl=info msg="Executing migration" logger=migrator id="alter alert.settings to mediumtext"
t=2026-03-30T18:31:09+0000 lvl=info msg="Executing migration" logger=migrator id="Add non-unique index alert_notification_state_alert_id"
t=2026-03-30T18:31:09+0000 lvl=info msg="Executing migration" logger=migrator id="Add non-unique index alert_rule_tag_alert_id"
t=2026-03-30T18:31:09+0000 lvl=info msg="Executing migration" logger=migrator id="Drop old annotation table v4"
t=2026-03-30T18:31:09+0000 lvl=info msg="Executing migration" logger=migrator id="create annotation table v5"
t=2026-03-30T18:31:09+0000 lvl=info msg="Executing migration" logger=migrator id="add index annotation 0 v3"
t=2026-03-30T18:31:09+0000 lvl=info msg="Executing migration" logger=migrator id="add index annotation 1 v3"
t=2026-03-30T18:31:09+0000 lvl=info msg="Executing migration" logger=migrator id="add index annotation 2 v3"
t=2026-03-30T18:31:09+0000 lvl=info msg="Executing migration" logger=migrator id="add index annotation 3 v3"
t=2026-03-30T18:31:09+0000 lvl=info msg="Executing migration" logger=migrator id="add index annotation 4 v3"
t=2026-03-30T18:31:09+0000 lvl=info msg="Executing migration" logger=migrator id="Update annotation table charset"
t=2026-03-30T18:31:09+0000 lvl=info msg="Executing migration" logger=migrator id="Add column region_id to annotation table"
t=2026-03-30T18:31:09+0000 lvl=info msg="Executing migration" logger=migrator id="Drop category_id index"
t=2026-03-30T18:31:09+0000 lvl=info msg="Executing migration" logger=migrator id="Add column tags to annotation table"
t=2026-03-30T18:31:09+0000 lvl=info msg="Executing migration" logger=migrator id="Create annotation_tag table v2"
t=2026-03-30T18:31:09+0000 lvl=info msg="Executing migration" logger=migrator id="Add unique index annotation_tag.annotation_id_tag_id"
t=2026-03-30T18:31:09+0000 lvl=info msg="Executing migration" logger=migrator id="drop index UQE_annotation_tag_annotation_id_tag_id - v2"
t=2026-03-30T18:31:09+0000 lvl=info msg="Executing migration" logger=migrator id="Rename table annotation_tag to annotation_tag_v2 - v2"
t=2026-03-30T18:31:09+0000 lvl=info msg="Executing migration" logger=migrator id="Create annotation_tag table v3"
t=2026-03-30T18:31:09+0000 lvl=info msg="Executing migration" logger=migrator id="create index UQE_annotation_tag_annotation_id_tag_id - Add unique index annotation_tag.annotation_id_tag_id V3"
t=2026-03-30T18:31:09+0000 lvl=info msg="Executing migration" logger=migrator id="copy annotation_tag v2 to v3"
t=2026-03-30T18:31:09+0000 lvl=info msg="Executing migration" logger=migrator id="drop table annotation_tag_v2"
t=2026-03-30T18:31:09+0000 lvl=info msg="Executing migration" logger=migrator id="Update alert annotations and set TEXT to empty"
t=2026-03-30T18:31:09+0000 lvl=info msg="Executing migration" logger=migrator id="Add created time to annotation table"
t=2026-03-30T18:31:10+0000 lvl=info msg="Executing migration" logger=migrator id="Add updated time to annotation table"
t=2026-03-30T18:31:10+0000 lvl=info msg="Executing migration" logger=migrator id="Add index for created in annotation table"
t=2026-03-30T18:31:10+0000 lvl=info msg="Executing migration" logger=migrator id="Add index for updated in annotation table"
t=2026-03-30T18:31:10+0000 lvl=info msg="Executing migration" logger=migrator id="Convert existing annotations from seconds to milliseconds"
t=2026-03-30T18:31:10+0000 lvl=info msg="Executing migration" logger=migrator id="Add epoch_end column"
t=2026-03-30T18:31:10+0000 lvl=info msg="Executing migration" logger=migrator id="Add index for epoch_end"
t=2026-03-30T18:31:10+0000 lvl=info msg="Executing migration" logger=migrator id="Make epoch_end the same as epoch"
t=2026-03-30T18:31:10+0000 lvl=info msg="Executing migration" logger=migrator id="Move region to single row"
t=2026-03-30T18:31:10+0000 lvl=info msg="Executing migration" logger=migrator id="Remove index org_id_epoch from annotation table"
t=2026-03-30T18:31:10+0000 lvl=info msg="Executing migration" logger=migrator id="Remove index org_id_dashboard_id_panel_id_epoch from annotation table"
t=2026-03-30T18:31:10+0000 lvl=info msg="Executing migration" logger=migrator id="Add index for org_id_dashboard_id_epoch_end_epoch on annotation table"
t=2026-03-30T18:31:10+0000 lvl=info msg="Executing migration" logger=migrator id="Add index for org_id_epoch_end_epoch on annotation table"
t=2026-03-30T18:31:10+0000 lvl=info msg="Executing migration" logger=migrator id="Remove index org_id_epoch_epoch_end from annotation table"
t=2026-03-30T18:31:10+0000 lvl=info msg="Executing migration" logger=migrator id="Add index for alert_id on annotation table"
t=2026-03-30T18:31:10+0000 lvl=info msg="Executing migration" logger=migrator id="create test_data table"
t=2026-03-30T18:31:10+0000 lvl=info msg="Executing migration" logger=migrator id="create dashboard_version table v1"
t=2026-03-30T18:31:10+0000 lvl=info msg="Executing migration" logger=migrator id="add index dashboard_version.dashboard_id"
t=2026-03-30T18:31:10+0000 lvl=info msg="Executing migration" logger=migrator id="add unique index dashboard_version.dashboard_id and dashboard_version.version"
t=2026-03-30T18:31:10+0000 lvl=info msg="Executing migration" logger=migrator id="Set dashboard version to 1 where 0"
t=2026-03-30T18:31:10+0000 lvl=info msg="Executing migration" logger=migrator id="save existing dashboard data in dashboard_version table v1"
t=2026-03-30T18:31:10+0000 lvl=info msg="Executing migration" logger=migrator id="alter dashboard_version.data to mediumtext v1"
t=2026-03-30T18:31:10+0000 lvl=info msg="Executing migration" logger=migrator id="create team table"
t=2026-03-30T18:31:10+0000 lvl=info msg="Executing migration" logger=migrator id="add index team.org_id"
t=2026-03-30T18:31:10+0000 lvl=info msg="Executing migration" logger=migrator id="add unique index team_org_id_name"
t=2026-03-30T18:31:10+0000 lvl=info msg="Executing migration" logger=migrator id="create team member table"
t=2026-03-30T18:31:10+0000 lvl=info msg="Executing migration" logger=migrator id="add index team_member.org_id"
t=2026-03-30T18:31:10+0000 lvl=info msg="Executing migration" logger=migrator id="add unique index team_member_org_id_team_id_user_id"
t=2026-03-30T18:31:10+0000 lvl=info msg="Executing migration" logger=migrator id="add index team_member.team_id"
t=2026-03-30T18:31:10+0000 lvl=info msg="Executing migration" logger=migrator id="Add column email to team table"
t=2026-03-30T18:31:10+0000 lvl=info msg="Executing migration" logger=migrator id="Add column external to team_member table"
t=2026-03-30T18:31:10+0000 lvl=info msg="Executing migration" logger=migrator id="Add column permission to team_member table"
t=2026-03-30T18:31:10+0000 lvl=info msg="Executing migration" logger=migrator id="create dashboard acl table"
t=2026-03-30T18:31:10+0000 lvl=info msg="Executing migration" logger=migrator id="add index dashboard_acl_dashboard_id"
t=2026-03-30T18:31:10+0000 lvl=info msg="Executing migration" logger=migrator id="add unique index dashboard_acl_dashboard_id_user_id"
t=2026-03-30T18:31:10+0000 lvl=info msg="Executing migration" logger=migrator id="add unique index dashboard_acl_dashboard_id_team_id"
t=2026-03-30T18:31:10+0000 lvl=info msg="Executing migration" logger=migrator id="save default acl rules in dashboard_acl table"
t=2026-03-30T18:31:10+0000 lvl=info msg="Executing migration" logger=migrator id="delete acl rules for deleted dashboards and folders"
t=2026-03-30T18:31:10+0000 lvl=info msg="Executing migration" logger=migrator id="create tag table"
t=2026-03-30T18:31:10+0000 lvl=info msg="Executing migration" logger=migrator id="add index tag.key_value"
t=2026-03-30T18:31:10+0000 lvl=info msg="Executing migration" logger=migrator id="create login attempt table"
t=2026-03-30T18:31:10+0000 lvl=info msg="Executing migration" logger=migrator id="add index login_attempt.username"
t=2026-03-30T18:31:10+0000 lvl=info msg="Executing migration" logger=migrator id="drop index IDX_login_attempt_username - v1"
t=2026-03-30T18:31:10+0000 lvl=info msg="Executing migration" logger=migrator id="Rename table login_attempt to login_attempt_tmp_qwerty - v1"
t=2026-03-30T18:31:10+0000 lvl=info msg="Executing migration" logger=migrator id="create login_attempt v2"
t=2026-03-30T18:31:10+0000 lvl=info msg="Executing migration" logger=migrator id="create index IDX_login_attempt_username - v2"
t=2026-03-30T18:31:10+0000 lvl=info msg="Executing migration" logger=migrator id="copy login_attempt v1 to v2"
t=2026-03-30T18:31:10+0000 lvl=info msg="Executing migration" logger=migrator id="drop login_attempt_tmp_qwerty"
t=2026-03-30T18:31:10+0000 lvl=info msg="Executing migration" logger=migrator id="create user auth table"
t=2026-03-30T18:31:10+0000 lvl=info msg="Executing migration" logger=migrator id="create index IDX_user_auth_auth_module_auth_id - v1"
t=2026-03-30T18:31:10+0000 lvl=info msg="Executing migration" logger=migrator id="alter user_auth.auth_id to length 190"
t=2026-03-30T18:31:10+0000 lvl=info msg="Executing migration" logger=migrator id="Add OAuth access token to user_auth"
t=2026-03-30T18:31:10+0000 lvl=info msg="Executing migration" logger=migrator id="Add OAuth refresh token to user_auth"
t=2026-03-30T18:31:10+0000 lvl=info msg="Executing migration" logger=migrator id="Add OAuth token type to user_auth"
t=2026-03-30T18:31:10+0000 lvl=info msg="Executing migration" logger=migrator id="Add OAuth expiry to user_auth"
t=2026-03-30T18:31:10+0000 lvl=info msg="Executing migration" logger=migrator id="Add index to user_id column in user_auth"
t=2026-03-30T18:31:10+0000 lvl=info msg="Executing migration" logger=migrator id="create server_lock table"
t=2026-03-30T18:31:10+0000 lvl=info msg="Executing migration" logger=migrator id="add index server_lock.operation_uid"
t=2026-03-30T18:31:10+0000 lvl=info msg="Executing migration" logger=migrator id="create user auth token table"
t=2026-03-30T18:31:10+0000 lvl=info msg="Executing migration" logger=migrator id="add unique index user_auth_token.auth_token"
t=2026-03-30T18:31:10+0000 lvl=info msg="Executing migration" logger=migrator id="add unique index user_auth_token.prev_auth_token"
t=2026-03-30T18:31:10+0000 lvl=info msg="Executing migration" logger=migrator id="add index user_auth_token.user_id"
t=2026-03-30T18:31:10+0000 lvl=info msg="Executing migration" logger=migrator id="Add revoked_at to the user auth token"
t=2026-03-30T18:31:10+0000 lvl=info msg="Executing migration" logger=migrator id="create cache_data table"
t=2026-03-30T18:31:10+0000 lvl=info msg="Executing migration" logger=migrator id="add unique index cache_data.cache_key"
t=2026-03-30T18:31:10+0000 lvl=info msg="Executing migration" logger=migrator id="create short_url table v1"
t=2026-03-30T18:31:11+0000 lvl=info msg="Executing migration" logger=migrator id="add index short_url.org_id-uid"
t=2026-03-30T18:31:11+0000 lvl=info msg="migrations completed" logger=migrator performed=279 skipped=0 duration=6.558694837s
t=2026-03-30T18:31:11+0000 lvl=info msg="Created default admin" logger=sqlstore user=admin
t=2026-03-30T18:31:11+0000 lvl=info msg="Created default organization" logger=sqlstore
t=2026-03-30T18:31:11+0000 lvl=info msg="Starting plugin search" logger=plugins
t=2026-03-30T18:31:11+0000 lvl=info msg="Registering plugin" logger=plugins id=input
t=2026-03-30T18:31:11+0000 lvl=info msg="External plugins directory created" logger=plugins directory=/var/opt/sourcegraph/grafana/plugins
{"@level":"debug","@message":"datasource: registering query type handler","@timestamp":"2026-03-30T18:31:11.355955Z","queryType":"exponential_heatmap_bucket_data"}
{"@level":"debug","@message":"datasource: registering query type handler","@timestamp":"2026-03-30T18:31:11.357303Z","queryType":"linear_heatmap_bucket_data"}
{"@level":"debug","@message":"datasource: registering query type handler","@timestamp":"2026-03-30T18:31:11.357578Z","queryType":"random_walk"}
{"@level":"debug","@message":"datasource: registering query type handler","@timestamp":"2026-03-30T18:31:11.357684Z","queryType":"predictable_pulse"}
{"@level":"debug","@message":"datasource: registering query type handler","@timestamp":"2026-03-30T18:31:11.357940Z","queryType":"predictable_csv_wave"}
{"@level":"debug","@message":"datasource: registering query type handler","@timestamp":"2026-03-30T18:31:11.358035Z","queryType":"random_walk_table"}
{"@level":"debug","@message":"datasource: registering query type handler","@timestamp":"2026-03-30T18:31:11.358107Z","queryType":"slow_query"}
{"@level":"debug","@message":"datasource: registering query type handler","@timestamp":"2026-03-30T18:31:11.358182Z","queryType":"no_data_points"}
{"@level":"debug","@message":"datasource: registering query type handler","@timestamp":"2026-03-30T18:31:11.358817Z","queryType":"datapoints_outside_range"}
{"@level":"debug","@message":"datasource: registering query type handler","@timestamp":"2026-03-30T18:31:11.359161Z","queryType":"manual_entry"}
{"@level":"debug","@message":"datasource: registering query type handler","@timestamp":"2026-03-30T18:31:11.360059Z","queryType":"csv_metric_values"}
{"@level":"debug","@message":"datasource: registering query type handler","@timestamp":"2026-03-30T18:31:11.360656Z","queryType":"streaming_client"}
{"@level":"debug","@message":"datasource: registering query type handler","@timestamp":"2026-03-30T18:31:11.361005Z","queryType":"live"}
{"@level":"debug","@message":"datasource: registering query type handler","@timestamp":"2026-03-30T18:31:11.361155Z","queryType":"grafana_api"}
{"@level":"debug","@message":"datasource: registering query type handler","@timestamp":"2026-03-30T18:31:11.361289Z","queryType":"arrow"}
{"@level":"debug","@message":"datasource: registering query type handler","@timestamp":"2026-03-30T18:31:11.361511Z","queryType":"annotations"}
{"@level":"debug","@message":"datasource: registering query type handler","@timestamp":"2026-03-30T18:31:11.361823Z","queryType":"table_static"}
{"@level":"debug","@message":"datasource: registering query type handler","@timestamp":"2026-03-30T18:31:11.361982Z","queryType":"random_walk_with_error"}
{"@level":"debug","@message":"datasource: registering query type handler","@timestamp":"2026-03-30T18:31:11.362124Z","queryType":"server_error_500"}
{"@level":"debug","@message":"datasource: registering query type handler","@timestamp":"2026-03-30T18:31:11.362193Z","queryType":"logs"}
{"@level":"debug","@message":"datasource: registering query type handler","@timestamp":"2026-03-30T18:31:11.362238Z","queryType":"node_graph"}
{"@level":"debug","@message":"datasource: registering query type fallback handler","@timestamp":"2026-03-30T18:31:11.362324Z"}
t=2026-03-30T18:31:11+0000 lvl=info msg="inserting datasource from configuration " logger=provisioning.datasources name=Prometheus uid=
t=2026-03-30T18:31:11+0000 lvl=info msg="inserting datasource from configuration " logger=provisioning.datasources name=Jaeger uid=
t=2026-03-30T18:31:11+0000 lvl=info msg="inserting datasource from configuration " logger=provisioning.datasources name=pgsql uid=
t=2026-03-30T18:31:11+0000 lvl=eror msg="Failed to read plugin provisioning files from directory" logger=provisioning.plugins path=/sg_config_grafana/provisioning/plugins error="open /sg_config_grafana/provisioning/plugins: no such file or directory"
t=2026-03-30T18:31:11+0000 lvl=info msg="HTTP Server Listen" logger=http.server address=[::]:3370 protocol=http subUrl=/-/debug/grafana socket=
t=2026-04-04T05:50:57+0000 lvl=info msg="Starting Grafana" logger=server version=7.5.17 commit=unknown-dev branch=master compiled=2023-12-19T21:18:50+0000
t=2026-04-04T05:50:57+0000 lvl=info msg="Config loaded from" logger=settings file=/usr/share/grafana/conf/defaults.ini
t=2026-04-04T05:50:57+0000 lvl=info msg="Config loaded from" logger=settings file=/sg_config_grafana/grafana-single-container.ini
t=2026-04-04T05:50:57+0000 lvl=info msg="Path Home" logger=settings path=/usr/share/grafana
t=2026-04-04T05:50:57+0000 lvl=info msg="Path Data" logger=settings path=/var/opt/sourcegraph/grafana
t=2026-04-04T05:50:57+0000 lvl=info msg="Path Logs" logger=settings path=/var/opt/sourcegraph/grafana/logs
t=2026-04-04T05:50:57+0000 lvl=info msg="Path Plugins" logger=settings path=/var/opt/sourcegraph/grafana/plugins
t=2026-04-04T05:50:57+0000 lvl=info msg="Path Provisioning" logger=settings path=/sg_config_grafana/provisioning
t=2026-04-04T05:50:57+0000 lvl=info msg="App mode production" logger=settings
t=2026-04-04T05:50:57+0000 lvl=info msg="Connecting to DB" logger=sqlstore dbtype=sqlite3
t=2026-04-04T05:50:58+0000 lvl=info msg="Starting DB migrations" logger=migrator
t=2026-04-04T05:50:58+0000 lvl=info msg="migrations completed" logger=migrator performed=0 skipped=279 duration=2.066458ms
t=2026-04-04T05:50:58+0000 lvl=info msg="Starting plugin search" logger=plugins
t=2026-04-04T05:50:58+0000 lvl=info msg="Registering plugin" logger=plugins id=input
{"@level":"debug","@message":"datasource: registering query type handler","@timestamp":"2026-04-04T05:50:58.688954Z","queryType":"exponential_heatmap_bucket_data"}
{"@level":"debug","@message":"datasource: registering query type handler","@timestamp":"2026-04-04T05:50:58.690685Z","queryType":"linear_heatmap_bucket_data"}
{"@level":"debug","@message":"datasource: registering query type handler","@timestamp":"2026-04-04T05:50:58.695888Z","queryType":"random_walk"}
{"@level":"debug","@message":"datasource: registering query type handler","@timestamp":"2026-04-04T05:50:58.696640Z","queryType":"predictable_pulse"}
{"@level":"debug","@message":"datasource: registering query type handler","@timestamp":"2026-04-04T05:50:58.698854Z","queryType":"predictable_csv_wave"}
{"@level":"debug","@message":"datasource: registering query type handler","@timestamp":"2026-04-04T05:50:58.700834Z","queryType":"random_walk_table"}
{"@level":"debug","@message":"datasource: registering query type handler","@timestamp":"2026-04-04T05:50:58.701207Z","queryType":"slow_query"}
{"@level":"debug","@message":"datasource: registering query type handler","@timestamp":"2026-04-04T05:50:58.701341Z","queryType":"no_data_points"}
{"@level":"debug","@message":"datasource: registering query type handler","@timestamp":"2026-04-04T05:50:58.701543Z","queryType":"datapoints_outside_range"}
{"@level":"debug","@message":"datasource: registering query type handler","@timestamp":"2026-04-04T05:50:58.701637Z","queryType":"manual_entry"}
{"@level":"debug","@message":"datasource: registering query type handler","@timestamp":"2026-04-04T05:50:58.702088Z","queryType":"csv_metric_values"}
{"@level":"debug","@message":"datasource: registering query type handler","@timestamp":"2026-04-04T05:50:58.702183Z","queryType":"streaming_client"}
{"@level":"debug","@message":"datasource: registering query type handler","@timestamp":"2026-04-04T05:50:58.702535Z","queryType":"live"}
{"@level":"debug","@message":"datasource: registering query type handler","@timestamp":"2026-04-04T05:50:58.703055Z","queryType":"grafana_api"}
{"@level":"debug","@message":"datasource: registering query type handler","@timestamp":"2026-04-04T05:50:58.704365Z","queryType":"arrow"}
{"@level":"debug","@message":"datasource: registering query type handler","@timestamp":"2026-04-04T05:50:58.706011Z","queryType":"annotations"}
{"@level":"debug","@message":"datasource: registering query type handler","@timestamp":"2026-04-04T05:50:58.706331Z","queryType":"table_static"}
{"@level":"debug","@message":"datasource: registering query type handler","@timestamp":"2026-04-04T05:50:58.706428Z","queryType":"random_walk_with_error"}
{"@level":"debug","@message":"datasource: registering query type handler","@timestamp":"2026-04-04T05:50:58.707177Z","queryType":"server_error_500"}
{"@level":"debug","@message":"datasource: registering query type handler","@timestamp":"2026-04-04T05:50:58.707281Z","queryType":"logs"}
{"@level":"debug","@message":"datasource: registering query type handler","@timestamp":"2026-04-04T05:50:58.707762Z","queryType":"node_graph"}
{"@level":"debug","@message":"datasource: registering query type fallback handler","@timestamp":"2026-04-04T05:50:58.709458Z"}
t=2026-04-04T05:50:58+0000 lvl=eror msg="Failed to read plugin provisioning files from directory" logger=provisioning.plugins path=/sg_config_grafana/provisioning/plugins error="open /sg_config_grafana/provisioning/plugins: no such file or directory"
t=2026-04-04T05:50:59+0000 lvl=info msg="HTTP Server Listen" logger=http.server address=[::]:3370 protocol=http subUrl=/-/debug/grafana socket=
t=2026-04-04T05:52:35+0000 lvl=info msg="Shutdown started" logger=server reason="System signal: interrupt"
t=2026-04-13T18:18:58+0000 lvl=info msg="Starting Grafana" logger=server version=7.5.17 commit=unknown-dev branch=master compiled=2023-12-19T21:18:50+0000
t=2026-04-13T18:18:58+0000 lvl=info msg="Config loaded from" logger=settings file=/usr/share/grafana/conf/defaults.ini
t=2026-04-13T18:18:58+0000 lvl=info msg="Config loaded from" logger=settings file=/sg_config_grafana/grafana-single-container.ini
t=2026-04-13T18:18:58+0000 lvl=info msg="Path Home" logger=settings path=/usr/share/grafana
t=2026-04-13T18:18:58+0000 lvl=info msg="Path Data" logger=settings path=/var/opt/sourcegraph/grafana
t=2026-04-13T18:18:58+0000 lvl=info msg="Path Logs" logger=settings path=/var/opt/sourcegraph/grafana/logs
t=2026-04-13T18:18:58+0000 lvl=info msg="Path Plugins" logger=settings path=/var/opt/sourcegraph/grafana/plugins
t=2026-04-13T18:18:58+0000 lvl=info msg="Path Provisioning" logger=settings path=/sg_config_grafana/provisioning
t=2026-04-13T18:18:58+0000 lvl=info msg="App mode production" logger=settings
t=2026-04-13T18:18:58+0000 lvl=info msg="Connecting to DB" logger=sqlstore dbtype=sqlite3
t=2026-04-13T18:18:58+0000 lvl=info msg="Starting DB migrations" logger=migrator
t=2026-04-13T18:18:58+0000 lvl=info msg="migrations completed" logger=migrator performed=0 skipped=279 duration=3.588208ms
t=2026-04-13T18:18:58+0000 lvl=info msg="Starting plugin search" logger=plugins
t=2026-04-13T18:18:59+0000 lvl=info msg="Registering plugin" logger=plugins id=input
{"@level":"debug","@message":"datasource: registering query type handler","@timestamp":"2026-04-13T18:18:59.441971Z","queryType":"exponential_heatmap_bucket_data"}
{"@level":"debug","@message":"datasource: registering query type handler","@timestamp":"2026-04-13T18:18:59.444533Z","queryType":"linear_heatmap_bucket_data"}
{"@level":"debug","@message":"datasource: registering query type handler","@timestamp":"2026-04-13T18:18:59.445742Z","queryType":"random_walk"}
{"@level":"debug","@message":"datasource: registering query type handler","@timestamp":"2026-04-13T18:18:59.446476Z","queryType":"predictable_pulse"}
{"@level":"debug","@message":"datasource: registering query type handler","@timestamp":"2026-04-13T18:18:59.446771Z","queryType":"predictable_csv_wave"}
{"@level":"debug","@message":"datasource: registering query type handler","@timestamp":"2026-04-13T18:18:59.446823Z","queryType":"random_walk_table"}
{"@level":"debug","@message":"datasource: registering query type handler","@timestamp":"2026-04-13T18:18:59.449599Z","queryType":"slow_query"}
{"@level":"debug","@message":"datasource: registering query type handler","@timestamp":"2026-04-13T18:18:59.449859Z","queryType":"no_data_points"}
{"@level":"debug","@message":"datasource: registering query type handler","@timestamp":"2026-04-13T18:18:59.450027Z","queryType":"datapoints_outside_range"}
{"@level":"debug","@message":"datasource: registering query type handler","@timestamp":"2026-04-13T18:18:59.450553Z","queryType":"manual_entry"}
{"@level":"debug","@message":"datasource: registering query type handler","@timestamp":"2026-04-13T18:18:59.453943Z","queryType":"csv_metric_values"}
{"@level":"debug","@message":"datasource: registering query type handler","@timestamp":"2026-04-13T18:18:59.455893Z","queryType":"streaming_client"}
{"@level":"debug","@message":"datasource: registering query type handler","@timestamp":"2026-04-13T18:18:59.456332Z","queryType":"live"}
{"@level":"debug","@message":"datasource: registering query type handler","@timestamp":"2026-04-13T18:18:59.456439Z","queryType":"grafana_api"}
{"@level":"debug","@message":"datasource: registering query type handler","@timestamp":"2026-04-13T18:18:59.456514Z","queryType":"arrow"}
{"@level":"debug","@message":"datasource: registering query type handler","@timestamp":"2026-04-13T18:18:59.456597Z","queryType":"annotations"}
{"@level":"debug","@message":"datasource: registering query type handler","@timestamp":"2026-04-13T18:18:59.456653Z","queryType":"table_static"}
{"@level":"debug","@message":"datasource: registering query type handler","@timestamp":"2026-04-13T18:18:59.456825Z","queryType":"random_walk_with_error"}
{"@level":"debug","@message":"datasource: registering query type handler","@timestamp":"2026-04-13T18:18:59.456898Z","queryType":"server_error_500"}
{"@level":"debug","@message":"datasource: registering query type handler","@timestamp":"2026-04-13T18:18:59.456978Z","queryType":"logs"}
{"@level":"debug","@message":"datasource: registering query type handler","@timestamp":"2026-04-13T18:18:59.457040Z","queryType":"node_graph"}
{"@level":"debug","@message":"datasource: registering query type fallback handler","@timestamp":"2026-04-13T18:18:59.457137Z"}
t=2026-04-13T18:18:59+0000 lvl=eror msg="Failed to read plugin provisioning files from directory" logger=provisioning.plugins path=/sg_config_grafana/provisioning/plugins error="open /sg_config_grafana/provisioning/plugins: no such file or directory"
t=2026-04-13T18:18:59+0000 lvl=info msg="HTTP Server Listen" logger=http.server address=[::]:3370 protocol=http subUrl=/-/debug/grafana socket=
t=2026-04-17T18:49:14+0000 lvl=info msg="Shutdown started" logger=server reason="System signal: interrupt"
